Error 2021-09-16 17:43:15: Exception while attempting zmq : [Error: /snap/core/current/usr/lib/x86_64-linux-gnu/libstdc++.so.6: version `GLIBCXX_3.4.22' not found (required by /root/.vscode/extensions/ms-toolsai.jupyter-2021.8.2041215044/out/client/node_modules/zeromq/prebuilds/linux-x64/electron.napi.glibc.node)
	at process.func [as dlopen] (electron/js2c/asar_bundle.js:5:1846)
	at Object.Module._extensions..node (internal/modules/cjs/loader.js:1185:18)
	at Object.func [as .node] (electron/js2c/asar_bundle.js:5:1846)
	at Module.load (internal/modules/cjs/loader.js:982:32)
	at Module._load (internal/modules/cjs/loader.js:823:14)
	at Function.f._load (electron/js2c/asar_bundle.js:5:12913)
	at Function.i._load (/snap/code/74/usr/share/code/resources/app/out/vs/workbench/services/extensions/node/extensionHostProcess.js:113:28190)
	at Function.E._load (/snap/code/74/usr/share/code/resources/app/out/vs/workbench/services/extensions/node/extensionHostProcess.js:113:24778)
	at Function.o._load (/snap/code/74/usr/share/code/resources/app/out/vs/workbench/services/extensions/node/extensionHostProcess.js:103:59872)
	at Module.require (internal/modules/cjs/loader.js:1006:19)
	at v (/snap/code/74/usr/share/code/resources/app/out/vs/loader.js:4:698)
	at load (/root/.vscode/extensions/ms-toolsai.jupyter-2021.8.2041215044/out/client/node_modules/node-gyp-build/index.js:21:10)
	at Object.<anonymous> (/root/.vscode/extensions/ms-toolsai.jupyter-2021.8.2041215044/out/client/node_modules/zeromq/lib/native.js:6:43)
	at Module.u._compile (/snap/code/74/usr/share/code/resources/app/out/vs/loader.js:4:1315)
	at Object.Module._extensions..js (internal/modules/cjs/loader.js:1155:10)
	at Module.load (internal/modules/cjs/loader.js:982:32)
	at Module._load (internal/modules/cjs/loader.js:823:14)
	at Function.f._load (electron/js2c/asar_bundle.js:5:12913)
	at Function.i._load (/snap/code/74/usr/share/code/resources/app/out/vs/workbench/services/extensions/node/extensionHostProcess.js:113:28190)
	at Function.E._load (/snap/code/74/usr/share/code/resources/app/out/vs/workbench/services/extensions/node/extensionHostProcess.js:113:24778)
	at Function.o._load (/snap/code/74/usr/share/code/resources/app/out/vs/workbench/services/extensions/node/extensionHostProcess.js:103:59872)
	at Module.require (internal/modules/cjs/loader.js:1006:19)
	at v (/snap/code/74/usr/share/code/resources/app/out/vs/loader.js:4:698)
	at Object.<anonymous> (/root/.vscode/extensions/ms-toolsai.jupyter-2021.8.2041215044/out/client/node_modules/zeromq/lib/index.js:3:16)
	at Module.u._compile (/snap/code/74/usr/share/code/resources/app/out/vs/loader.js:4:1315)
	at Object.Module._extensions..js (internal/modules/cjs/loader.js:1155:10)
	at Module.load (internal/modules/cjs/loader.js:982:32)
	at Module._load (internal/modules/cjs/loader.js:823:14)
	at Function.f._load (electron/js2c/asar_bundle.js:5:12913)
	at Function.i._load (/snap/code/74/usr/share/code/resources/app/out/vs/workbench/services/extensions/node/extensionHostProcess.js:113:28190)
	at Function.E._load (/snap/code/74/usr/share/code/resources/app/out/vs/workbench/services/extensions/node/extensionHostProcess.js:113:24778)
	at Function.o._load (/snap/code/74/usr/share/code/resources/app/out/vs/workbench/services/extensions/node/extensionHostProcess.js:103:59872)
	at Module.require (internal/modules/cjs/loader.js:1006:19)
	at v (/snap/code/74/usr/share/code/resources/app/out/vs/loader.js:4:698)
	at Object.<anonymous> (/root/.vscode/extensions/ms-toolsai.jupyter-2021.8.2041215044/out/client/extension.js:37:326826)
	at n (/root/.vscode/extensions/ms-toolsai.jupyter-2021.8.2041215044/out/client/extension.js:1:186)
	at d.zmqSupported (/root/.vscode/extensions/ms-toolsai.jupyter-2021.8.2041215044/out/client/extension.js:90:230774)
	at d.isSupportedForLocalLaunch (/root/.vscode/extensions/ms-toolsai.jupyter-2021.8.2041215044/out/client/extension.js:90:230424)
	at d.supported (/root/.vscode/extensions/ms-toolsai.jupyter-2021.8.2041215044/out/client/extension.js:90:230334)
	at Object.t.registerTypes (/root/.vscode/extensions/ms-toolsai.jupyter-2021.8.2041215044/out/client/extension.js:52:829307)
	at /root/.vscode/extensions/ms-toolsai.jupyter-2021.8.2041215044/out/client/extension.js:52:245845
	at processTicksAndRejections (internal/process/task_queues.js:93:5)
	at async /root/.vscode/extensions/ms-toolsai.jupyter-2021.8.2041215044/out/client/extension.js:37:741377
	at async t.activate (/root/.vscode/extensions/ms-toolsai.jupyter-2021.8.2041215044/out/client/extension.js:37:741064)
	at async Promise.all (index 1)]
Error 2021-09-16 17:43:15: Jupyter Extension (Error in Failed to update settings.json, method:fixSettingsFile): [EntryNotFound (FileSystemError): Unable to read file '/home/hp-precily/shubham/dailywork/alp/.vscode/settings.json' (Error: Unable to resolve non-existing file '/home/hp-precily/shubham/dailywork/alp/.vscode/settings.json')
	at _handleError (/snap/code/74/usr/share/code/resources/app/out/vs/workbench/services/extensions/node/extensionHostProcess.js:94:160087)
	at processTicksAndRejections (internal/process/task_queues.js:93:5)
	at async m.readFile (/root/.vscode/extensions/ms-toolsai.jupyter-2021.8.2041215044/out/client/extension.js:90:362224)
	at async g.fixSettingsFile (/root/.vscode/extensions/ms-toolsai.jupyter-2021.8.2041215044/out/client/extension.js:52:320650)
	at async Promise.all (index 1)
	at async g.updateSettings (/root/.vscode/extensions/ms-toolsai.jupyter-2021.8.2041215044/out/client/extension.js:52:322370)] {
  code: 'FileNotFound'
}
Error 2021-09-16 17:43:15: Jupyter Extension (Error in Failed to update settings.json, method:fixSettingsFile): [EntryNotFound (FileSystemError): Unable to read file '/root/.config/Code/User/settings.json' (Error: Unable to resolve non-existing file '/root/.config/Code/User/settings.json')
	at _handleError (/snap/code/74/usr/share/code/resources/app/out/vs/workbench/services/extensions/node/extensionHostProcess.js:94:160087)
	at processTicksAndRejections (internal/process/task_queues.js:93:5)
	at async m.readFile (/root/.vscode/extensions/ms-toolsai.jupyter-2021.8.2041215044/out/client/extension.js:90:362224)
	at async g.fixSettingsFile (/root/.vscode/extensions/ms-toolsai.jupyter-2021.8.2041215044/out/client/extension.js:52:320650)
	at async Promise.all (index 0)
	at async g.updateSettings (/root/.vscode/extensions/ms-toolsai.jupyter-2021.8.2041215044/out/client/extension.js:52:322370)] {
  code: 'FileNotFound'
}
Info 2021-09-16 18:23:59: Shutting down notebooks for 64bfdf4f-7414-414c-bd5f-e16b5a622eda
Info 2021-09-16 18:23:59: Disposing HostJupyterExecution b9e890c5-eb6a-4c07-beb1-a0b697f2af25
Info 2021-09-16 18:23:59: Disposing super HostJupyterExecution b9e890c5-eb6a-4c07-beb1-a0b697f2af25
Info 2021-09-16 18:23:59: Disposing HostJupyterExecution b9e890c5-eb6a-4c07-beb1-a0b697f2af25
Info 2021-09-16 18:23:59: Finished disposing HostJupyterExecution  b9e890c5-eb6a-4c07-beb1-a0b697f2af25
Info 2021-09-16 18:23:59: Cleaning up server cache b9e890c5-eb6a-4c07-beb1-a0b697f2af25
Info 2021-09-16 18:23:59: Finished disposing HostJupyterExecution  b9e890c5-eb6a-4c07-beb1-a0b697f2af25
