[2021-09-16 17:38:11.247] [exthost] [info] extension host started
[2021-09-16 17:38:11.366] [exthost] [info] ExtensionService#_doActivateExtension vscode.microsoft-authentication {"startup":false,"extensionId":{"value":"vscode.microsoft-authentication","_lower":"vscode.microsoft-authentication"},"activationEvent":"onAuthenticationRequest:microsoft"}
[2021-09-16 17:38:11.366] [exthost] [info] ExtensionService#loadCommonJSModule file:///snap/code/74/usr/share/code/resources/app/extensions/microsoft-authentication/dist/extension.js
[2021-09-16 17:38:11.432] [exthost] [info] ExtensionService#_doActivateExtension vscode.debug-auto-launch {"startup":true,"extensionId":{"value":"vscode.debug-auto-launch","_lower":"vscode.debug-auto-launch"},"activationEvent":"*"}
[2021-09-16 17:38:11.433] [exthost] [info] ExtensionService#loadCommonJSModule file:///snap/code/74/usr/share/code/resources/app/extensions/debug-auto-launch/dist/extension
[2021-09-16 17:38:11.442] [exthost] [info] ExtensionService#_doActivateExtension vscode.git {"startup":true,"extensionId":{"value":"vscode.github","_lower":"vscode.github"},"activationEvent":"*"}
[2021-09-16 17:38:11.442] [exthost] [info] ExtensionService#loadCommonJSModule file:///snap/code/74/usr/share/code/resources/app/extensions/git/dist/main
[2021-09-16 17:38:11.666] [exthost] [info] ExtensionService#_doActivateExtension vscode.github {"startup":true,"extensionId":{"value":"vscode.github","_lower":"vscode.github"},"activationEvent":"*"}
[2021-09-16 17:38:11.667] [exthost] [info] ExtensionService#loadCommonJSModule file:///snap/code/74/usr/share/code/resources/app/extensions/github/dist/extension.js
[2021-09-16 17:38:11.701] [exthost] [info] eager extensions activated
[2021-09-16 17:38:11.702] [exthost] [info] ExtensionService#_doActivateExtension ms-vscode.js-debug {"startup":false,"extensionId":{"value":"ms-vscode.js-debug","_lower":"ms-vscode.js-debug"},"activationEvent":"onCommand:extension.js-debug.clearAutoAttachVariables"}
[2021-09-16 17:38:11.703] [exthost] [info] ExtensionService#loadCommonJSModule file:///snap/code/74/usr/share/code/resources/app/extensions/ms-vscode.js-debug/src/extension.js
[2021-09-16 17:38:12.056] [exthost] [info] ExtensionService#_doActivateExtension vscode.emmet {"startup":false,"extensionId":{"value":"vscode.emmet","_lower":"vscode.emmet"},"activationEvent":"onStartupFinished"}
[2021-09-16 17:38:12.056] [exthost] [info] ExtensionService#loadCommonJSModule file:///snap/code/74/usr/share/code/resources/app/extensions/emmet/dist/node/emmetNodeMain
[2021-09-16 17:38:12.086] [exthost] [info] ExtensionService#_doActivateExtension vscode.merge-conflict {"startup":false,"extensionId":{"value":"vscode.merge-conflict","_lower":"vscode.merge-conflict"},"activationEvent":"onStartupFinished"}
[2021-09-16 17:38:12.086] [exthost] [info] ExtensionService#loadCommonJSModule file:///snap/code/74/usr/share/code/resources/app/extensions/merge-conflict/dist/mergeConflictMain
[2021-09-16 17:38:12.208] [exthost] [info] ExtensionService#_doActivateExtension vscode.github-authentication {"startup":false,"extensionId":{"value":"vscode.github-authentication","_lower":"vscode.github-authentication"},"activationEvent":"onAuthenticationRequest:github"}
[2021-09-16 17:38:12.208] [exthost] [info] ExtensionService#loadCommonJSModule file:///snap/code/74/usr/share/code/resources/app/extensions/github-authentication/dist/extension.js
[2021-09-16 17:42:04.039] [exthost] [info] extension host terminating: renderer closed the socket
[2021-09-16 17:42:05.048] [exthost] [info] exiting with code 0
[2021-09-16 17:42:06.732] [exthost] [info] extension host started
[2021-09-16 17:42:06.732] [exthost] [info] Skipping acquiring lock for /home/hp-precily/shubham/dailywork/dataneuron_official_website/~/root/User/workspaceStorage/322e33a80a43cee8c2664211f6462130.
[2021-09-16 17:42:06.974] [exthost] [info] ExtensionService#_doActivateExtension vscode.microsoft-authentication {"startup":false,"extensionId":{"value":"vscode.microsoft-authentication","_lower":"vscode.microsoft-authentication"},"activationEvent":"onAuthenticationRequest:microsoft"}
[2021-09-16 17:42:06.974] [exthost] [info] ExtensionService#loadCommonJSModule file:///snap/code/74/usr/share/code/resources/app/extensions/microsoft-authentication/dist/extension.js
[2021-09-16 17:42:06.988] [exthost] [info] ExtensionService#_doActivateExtension vscode.debug-auto-launch {"startup":true,"extensionId":{"value":"vscode.debug-auto-launch","_lower":"vscode.debug-auto-launch"},"activationEvent":"*"}
[2021-09-16 17:42:06.988] [exthost] [info] ExtensionService#loadCommonJSModule file:///snap/code/74/usr/share/code/resources/app/extensions/debug-auto-launch/dist/extension
[2021-09-16 17:42:06.995] [exthost] [info] ExtensionService#_doActivateExtension vscode.git {"startup":true,"extensionId":{"value":"vscode.github","_lower":"vscode.github"},"activationEvent":"*"}
[2021-09-16 17:42:06.995] [exthost] [info] ExtensionService#loadCommonJSModule file:///snap/code/74/usr/share/code/resources/app/extensions/git/dist/main
[2021-09-16 17:42:07.204] [exthost] [info] ExtensionService#_doActivateExtension vscode.github {"startup":true,"extensionId":{"value":"vscode.github","_lower":"vscode.github"},"activationEvent":"*"}
[2021-09-16 17:42:07.204] [exthost] [info] ExtensionService#loadCommonJSModule file:///snap/code/74/usr/share/code/resources/app/extensions/github/dist/extension.js
[2021-09-16 17:42:07.390] [exthost] [info] eager extensions activated
[2021-09-16 17:42:07.403] [exthost] [info] ExtensionService#_doActivateExtension ms-vscode.js-debug {"startup":false,"extensionId":{"value":"ms-vscode.js-debug","_lower":"ms-vscode.js-debug"},"activationEvent":"onCommand:extension.js-debug.clearAutoAttachVariables"}
[2021-09-16 17:42:07.403] [exthost] [info] ExtensionService#loadCommonJSModule file:///snap/code/74/usr/share/code/resources/app/extensions/ms-vscode.js-debug/src/extension.js
[2021-09-16 17:42:07.581] [exthost] [info] ExtensionService#_doActivateExtension vscode.emmet {"startup":false,"extensionId":{"value":"vscode.emmet","_lower":"vscode.emmet"},"activationEvent":"onStartupFinished"}
[2021-09-16 17:42:07.581] [exthost] [info] ExtensionService#loadCommonJSModule file:///snap/code/74/usr/share/code/resources/app/extensions/emmet/dist/node/emmetNodeMain
[2021-09-16 17:42:07.588] [exthost] [info] ExtensionService#_doActivateExtension vscode.merge-conflict {"startup":false,"extensionId":{"value":"vscode.merge-conflict","_lower":"vscode.merge-conflict"},"activationEvent":"onStartupFinished"}
[2021-09-16 17:42:07.588] [exthost] [info] ExtensionService#loadCommonJSModule file:///snap/code/74/usr/share/code/resources/app/extensions/merge-conflict/dist/mergeConflictMain
[2021-09-16 17:42:07.653] [exthost] [info] ExtensionService#_doActivateExtension vscode.github-authentication {"startup":false,"extensionId":{"value":"vscode.github-authentication","_lower":"vscode.github-authentication"},"activationEvent":"onAuthenticationRequest:github"}
[2021-09-16 17:42:07.653] [exthost] [info] ExtensionService#loadCommonJSModule file:///snap/code/74/usr/share/code/resources/app/extensions/github-authentication/dist/extension.js
[2021-09-16 17:43:14.577] [exthost] [info] ExtensionService#_doActivateExtension ms-python.python {"startup":false,"extensionId":{"value":"ms-python.vscode-pylance","_lower":"ms-python.vscode-pylance"},"activationEvent":"onLanguage:python"}
[2021-09-16 17:43:14.577] [exthost] [info] ExtensionService#loadCommonJSModule file:///root/.vscode/extensions/ms-python.python-2021.9.1230869389/out/client/extension
[2021-09-16 17:43:14.986] [exthost] [info] ExtensionService#_doActivateExtension ms-toolsai.jupyter {"startup":false,"extensionId":{"value":"ms-toolsai.jupyter","_lower":"ms-toolsai.jupyter"},"activationEvent":"onLanguage:python"}
[2021-09-16 17:43:14.986] [exthost] [info] ExtensionService#loadCommonJSModule file:///root/.vscode/extensions/ms-toolsai.jupyter-2021.8.2041215044/out/client/extension
[2021-09-16 17:43:16.202] [exthost] [info] ExtensionService#_doActivateExtension ms-python.vscode-pylance {"startup":false,"extensionId":{"value":"ms-python.vscode-pylance","_lower":"ms-python.vscode-pylance"},"activationEvent":"onLanguage:python"}
[2021-09-16 17:43:16.202] [exthost] [info] ExtensionService#loadCommonJSModule file:///root/.vscode/extensions/ms-python.vscode-pylance-2021.9.1/dist/extension.bundle.js
[2021-09-16 17:43:19.446] [exthost] [error] [ms-python.python] provider FAILED
[2021-09-16 17:43:19.447] [exthost] [error] Canceled: Canceled
	at _.makeCancelError (/root/.vscode/extensions/ms-python.python-2021.9.1230869389/out/client/extension.js:9:152754)
	at _.handleFailedRequest (/root/.vscode/extensions/ms-python.python-2021.9.1230869389/out/client/extension.js:9:152605)
	at /root/.vscode/extensions/ms-python.python-2021.9.1230869389/out/client/extension.js:9:112947
	at async g.provideHover (/snap/code/74/usr/share/code/resources/app/out/vs/workbench/services/extensions/node/extensionHostProcess.js:94:166317)
[2021-09-16 17:43:20.333] [exthost] [error] [ms-python.python] provider FAILED
[2021-09-16 17:43:20.333] [exthost] [error] Canceled: Canceled
	at _.makeCancelError (/root/.vscode/extensions/ms-python.python-2021.9.1230869389/out/client/extension.js:9:152754)
	at _.handleFailedRequest (/root/.vscode/extensions/ms-python.python-2021.9.1230869389/out/client/extension.js:9:152605)
	at /root/.vscode/extensions/ms-python.python-2021.9.1230869389/out/client/extension.js:9:112947
	at async g.provideHover (/snap/code/74/usr/share/code/resources/app/out/vs/workbench/services/extensions/node/extensionHostProcess.js:94:166317)
[2021-09-16 17:43:27.621] [exthost] [error] [ms-python.python] provider FAILED
[2021-09-16 17:43:27.631] [exthost] [error] Canceled: Canceled
	at _.makeCancelError (/root/.vscode/extensions/ms-python.python-2021.9.1230869389/out/client/extension.js:9:152754)
	at _.handleFailedRequest (/root/.vscode/extensions/ms-python.python-2021.9.1230869389/out/client/extension.js:9:152605)
	at /root/.vscode/extensions/ms-python.python-2021.9.1230869389/out/client/extension.js:9:112947
	at async g.provideHover (/snap/code/74/usr/share/code/resources/app/out/vs/workbench/services/extensions/node/extensionHostProcess.js:94:166317)
[2021-09-16 17:46:45.832] [exthost] [info] ExtensionService#_doActivateExtension ms-azuretools.vscode-docker {"startup":false,"extensionId":{"value":"ms-azuretools.vscode-docker","_lower":"ms-azuretools.vscode-docker"},"activationEvent":"onLanguage:dockerfile"}
[2021-09-16 17:46:45.832] [exthost] [info] ExtensionService#loadCommonJSModule file:///root/.vscode/extensions/ms-azuretools.vscode-docker-1.16.1/main
[2021-09-16 18:18:20.573] [exthost] [error] [ms-python.python] provider FAILED
[2021-09-16 18:18:20.573] [exthost] [error] Canceled: Canceled
	at _.makeCancelError (/root/.vscode/extensions/ms-python.python-2021.9.1230869389/out/client/extension.js:9:152754)
	at _.handleFailedRequest (/root/.vscode/extensions/ms-python.python-2021.9.1230869389/out/client/extension.js:9:152605)
	at /root/.vscode/extensions/ms-python.python-2021.9.1230869389/out/client/extension.js:9:117593
	at async l.provideDocumentSymbols (/snap/code/74/usr/share/code/resources/app/out/vs/workbench/services/extensions/node/extensionHostProcess.js:94:163113)
[2021-09-16 18:18:20.758] [exthost] [error] [ms-python.python] provider FAILED
[2021-09-16 18:18:20.758] [exthost] [error] Canceled: Canceled
	at _.makeCancelError (/root/.vscode/extensions/ms-python.python-2021.9.1230869389/out/client/extension.js:9:152754)
	at _.handleFailedRequest (/root/.vscode/extensions/ms-python.python-2021.9.1230869389/out/client/extension.js:9:152605)
	at /root/.vscode/extensions/ms-python.python-2021.9.1230869389/out/client/extension.js:59:155096
	at async U.provideDocumentSemanticTokens (/snap/code/74/usr/share/code/resources/app/out/vs/workbench/services/extensions/node/extensionHostProcess.js:94:174108)
[2021-09-16 18:18:20.873] [exthost] [error] [ms-python.python] provider FAILED
[2021-09-16 18:18:20.873] [exthost] [error] Canceled: Canceled
	at _.makeCancelError (/root/.vscode/extensions/ms-python.python-2021.9.1230869389/out/client/extension.js:9:152754)
	at _.handleFailedRequest (/root/.vscode/extensions/ms-python.python-2021.9.1230869389/out/client/extension.js:9:152605)
	at /root/.vscode/extensions/ms-python.python-2021.9.1230869389/out/client/extension.js:59:156174
	at async O.provideDocumentRangeSemanticTokens (/snap/code/74/usr/share/code/resources/app/out/vs/workbench/services/extensions/node/extensionHostProcess.js:94:176218)
[2021-09-16 18:23:59.090] [exthost] [info] extension host terminating: renderer closed the socket
[2021-09-16 18:24:00.172] [exthost] [info] exiting with code 0
[2021-09-16 18:24:01.284] [exthost] [info] extension host started
[2021-09-16 18:24:01.284] [exthost] [info] Skipping acquiring lock for /home/hp-precily/shubham/dailywork/dataneuron_official_website/~/root/User/workspaceStorage/04b7ffcf1ac4b48381618d828bc762a3.
[2021-09-16 18:24:01.532] [exthost] [info] ExtensionService#_doActivateExtension vscode.microsoft-authentication {"startup":false,"extensionId":{"value":"vscode.microsoft-authentication","_lower":"vscode.microsoft-authentication"},"activationEvent":"onAuthenticationRequest:microsoft"}
[2021-09-16 18:24:01.532] [exthost] [info] ExtensionService#loadCommonJSModule file:///snap/code/74/usr/share/code/resources/app/extensions/microsoft-authentication/dist/extension.js
[2021-09-16 18:24:01.543] [exthost] [info] ExtensionService#_doActivateExtension vscode.debug-auto-launch {"startup":true,"extensionId":{"value":"vscode.debug-auto-launch","_lower":"vscode.debug-auto-launch"},"activationEvent":"*"}
[2021-09-16 18:24:01.543] [exthost] [info] ExtensionService#loadCommonJSModule file:///snap/code/74/usr/share/code/resources/app/extensions/debug-auto-launch/dist/extension
[2021-09-16 18:24:01.545] [exthost] [info] ExtensionService#_doActivateExtension vscode.git {"startup":true,"extensionId":{"value":"vscode.github","_lower":"vscode.github"},"activationEvent":"*"}
[2021-09-16 18:24:01.545] [exthost] [info] ExtensionService#loadCommonJSModule file:///snap/code/74/usr/share/code/resources/app/extensions/git/dist/main
[2021-09-16 18:24:01.566] [exthost] [info] ExtensionService#_doActivateExtension vscode.npm {"startup":true,"extensionId":{"value":"vscode.npm","_lower":"vscode.npm"},"activationEvent":"workspaceContains:package.json"}
[2021-09-16 18:24:01.566] [exthost] [info] ExtensionService#loadCommonJSModule file:///snap/code/74/usr/share/code/resources/app/extensions/npm/dist/npmMain
[2021-09-16 18:24:01.706] [exthost] [info] ExtensionService#_doActivateExtension vscode.github {"startup":true,"extensionId":{"value":"vscode.github","_lower":"vscode.github"},"activationEvent":"*"}
[2021-09-16 18:24:01.706] [exthost] [info] ExtensionService#loadCommonJSModule file:///snap/code/74/usr/share/code/resources/app/extensions/github/dist/extension.js
[2021-09-16 18:24:01.768] [exthost] [info] ExtensionService#_doActivateExtension ms-vscode.js-debug {"startup":false,"extensionId":{"value":"ms-vscode.js-debug","_lower":"ms-vscode.js-debug"},"activationEvent":"onCommand:extension.js-debug.clearAutoAttachVariables"}
[2021-09-16 18:24:01.771] [exthost] [info] ExtensionService#loadCommonJSModule file:///snap/code/74/usr/share/code/resources/app/extensions/ms-vscode.js-debug/src/extension.js
[2021-09-16 18:24:01.942] [exthost] [warning] [Decorations] CAPPING events from decorations provider vscode.git 305
[2021-09-16 18:24:01.962] [exthost] [info] ExtensionService#_doActivateExtension vscode.github-authentication {"startup":false,"extensionId":{"value":"vscode.github-authentication","_lower":"vscode.github-authentication"},"activationEvent":"onAuthenticationRequest:github"}
[2021-09-16 18:24:01.962] [exthost] [info] ExtensionService#loadCommonJSModule file:///snap/code/74/usr/share/code/resources/app/extensions/github-authentication/dist/extension.js
[2021-09-16 18:24:01.981] [exthost] [info] eager extensions activated
[2021-09-16 18:24:02.003] [exthost] [info] ExtensionService#_doActivateExtension vscode.emmet {"startup":false,"extensionId":{"value":"vscode.emmet","_lower":"vscode.emmet"},"activationEvent":"onStartupFinished"}
[2021-09-16 18:24:02.003] [exthost] [info] ExtensionService#loadCommonJSModule file:///snap/code/74/usr/share/code/resources/app/extensions/emmet/dist/node/emmetNodeMain
[2021-09-16 18:24:02.009] [exthost] [info] ExtensionService#_doActivateExtension vscode.merge-conflict {"startup":false,"extensionId":{"value":"vscode.merge-conflict","_lower":"vscode.merge-conflict"},"activationEvent":"onStartupFinished"}
[2021-09-16 18:24:02.009] [exthost] [info] ExtensionService#loadCommonJSModule file:///snap/code/74/usr/share/code/resources/app/extensions/merge-conflict/dist/mergeConflictMain
[2021-09-16 18:24:08.037] [exthost] [info] ExtensionService#_doActivateExtension redhat.vscode-yaml {"startup":false,"extensionId":{"value":"redhat.vscode-yaml","_lower":"redhat.vscode-yaml"},"activationEvent":"onLanguage:yaml"}
[2021-09-16 18:24:08.037] [exthost] [info] ExtensionService#loadCommonJSModule file:///root/.vscode/extensions/redhat.vscode-yaml-0.22.0/out/src/extension
[2021-09-16 18:24:08.595] [exthost] [info] ExtensionService#_doActivateExtension ms-kubernetes-tools.vscode-kubernetes-tools {"startup":false,"extensionId":{"value":"ms-kubernetes-tools.vscode-kubernetes-tools","_lower":"ms-kubernetes-tools.vscode-kubernetes-tools"},"activationEvent":"onLanguage:yaml"}
[2021-09-16 18:24:08.595] [exthost] [info] ExtensionService#loadCommonJSModule file:///root/.vscode/extensions/ms-kubernetes-tools.vscode-kubernetes-tools-1.3.3/dist/extension
[2021-09-16 18:24:09.415] [exthost] [warning] [redhat.vscode-yaml] Accessing a resource scoped configuration without providing a resource is not expected. To get the effective value for '[yaml]', provide the URI of a resource or 'null' for any resource.
[2021-09-16 18:24:58.410] [exthost] [warning] [redhat.vscode-yaml] Accessing a resource scoped configuration without providing a resource is not expected. To get the effective value for '[yaml]', provide the URI of a resource or 'null' for any resource.
[2021-09-16 18:25:15.645] [exthost] [info] ExtensionService#_doActivateExtension vscode.typescript-language-features {"startup":false,"extensionId":{"value":"vscode.typescript-language-features","_lower":"vscode.typescript-language-features"},"activationEvent":"onLanguage:javascriptreact"}
[2021-09-16 18:25:15.645] [exthost] [info] ExtensionService#loadCommonJSModule file:///snap/code/74/usr/share/code/resources/app/extensions/typescript-language-features/dist/extension
